# JRE version: Java(TM) SE Runtime Environment (8.0_191-b12) (build 1.8.0_191-b12)
# Java VM: Java HotSpot(TM) Client VM (25.191-b12 mixed mode windows-x86 )
Heap:
 def new generation   total 157248K, used 139707K [0x04400000, 0x0eea0000, 0x0eea0000)
  eden space 139776K,  99% used [0x04400000, 0x0cc6ef40, 0x0cc80000)
  from space 17472K,   0% used [0x0cc80000, 0x0cc80000, 0x0dd90000)
  to   space 17472K,   0% used [0x0dd90000, 0x0dd90000, 0x0eea0000)
 tenured generation   total 349568K, used 226519K [0x0eea0000, 0x24400000, 0x24400000)
   the space 349568K,  64% used [0x0eea0000, 0x1cbd5cd8, 0x1cbd5e00, 0x24400000)
 Metaspace       used 26328K, capacity 26939K, committed 27136K, reserved 28032K
GC Heap History (10 events):
Event: 7667.487 GC heap before
{Heap before GC invocations=131 (full 46):
 def new generation   total 157248K, used 139776K [0x04400000, 0x0eea0000, 0x0eea0000)
  eden space 139776K, 100% used [0x04400000, 0x0cc80000, 0x0cc80000)
  from space 17472K,   0% used [0x0dd90000, 0x0dd90000, 0x0eea0000)
  to   space 17472K,   0% used [0x0cc80000, 0x0cc80000, 0x0dd90000)
 tenured generation   total 349568K, used 226519K [0x0eea0000, 0x24400000, 0x24400000)
   the space 349568K,  64% used [0x0eea0000, 0x1cbd5cd8, 0x1cbd5e00, 0x24400000)
 Metaspace       used 26328K, capacity 26939K, committed 27136K, reserved 28032K
Event: 7667.591 GC heap after
Heap after GC invocations=132 (full 47):
 def new generation   total 157248K, used 139597K [0x04400000, 0x0eea0000, 0x0eea0000)
  eden space 139776K,  99% used [0x04400000, 0x0cc536d0, 0x0cc80000)
  from space 17472K,   0% used [0x0cc80000, 0x0cc80000, 0x0dd90000)
  to   space 17472K,   0% used [0x0dd90000, 0x0dd90000, 0x0eea0000)
 tenured generation   total 349568K, used 226519K [0x0eea0000, 0x24400000, 0x24400000)
   the space 349568K,  64% used [0x0eea0000, 0x1cbd5cd8, 0x1cbd5e00, 0x24400000)
 Metaspace       used 26328K, capacity 26939K, committed 27136K, reserved 28032K
}
Event: 7667.592 GC heap before
{Heap before GC invocations=132 (full 47):
 def new generation   total 157248K, used 139776K [0x04400000, 0x0eea0000, 0x0eea0000)
  eden space 139776K, 100% used [0x04400000, 0x0cc80000, 0x0cc80000)
  from space 17472K,   0% used [0x0cc80000, 0x0cc80000, 0x0dd90000)
  to   space 17472K,   0% used [0x0dd90000, 0x0dd90000, 0x0eea0000)
 tenured generation   total 349568K, used 226519K [0x0eea0000, 0x24400000, 0x24400000)
   the space 349568K,  64% used [0x0eea0000, 0x1cbd5cd8, 0x1cbd5e00, 0x24400000)
 Metaspace       used 26328K, capacity 26939K, committed 27136K, reserved 28032K
Event: 7667.696 GC heap after
Heap after GC invocations=133 (full 48):
 def new generation   total 157248K, used 139597K [0x04400000, 0x0eea0000, 0x0eea0000)
  eden space 139776K,  99% used [0x04400000, 0x0cc537c0, 0x0cc80000)
  from space 17472K,   0% used [0x0dd90000, 0x0dd90000, 0x0eea0000)
  to   space 17472K,   0% used [0x0cc80000, 0x0cc80000, 0x0dd90000)
 tenured generation   total 349568K, used 226519K [0x0eea0000, 0x24400000, 0x24400000)
   the space 349568K,  64% used [0x0eea0000, 0x1cbd5cd8, 0x1cbd5e00, 0x24400000)
 Metaspace       used 26328K, capacity 26939K, committed 27136K, reserved 28032K
}
Event: 7667.697 GC heap before
{Heap before GC invocations=133 (full 48):
 def new generation   total 157248K, used 139776K [0x04400000, 0x0eea0000, 0x0eea0000)
  eden space 139776K, 100% used [0x04400000, 0x0cc80000, 0x0cc80000)
  from space 17472K,   0% used [0x0dd90000, 0x0dd90000, 0x0eea0000)
  to   space 17472K,   0% used [0x0cc80000, 0x0cc80000, 0x0dd90000)
 tenured generation   total 349568K, used 226519K [0x0eea0000, 0x24400000, 0x24400000)
   the space 349568K,  64% used [0x0eea0000, 0x1cbd5cd8, 0x1cbd5e00, 0x24400000)
 Metaspace       used 26328K, capacity 26939K, committed 27136K, reserved 28032K
Event: 7667.797 GC heap after
Heap after GC invocations=134 (full 49):
 def new generation   total 157248K, used 139598K [0x04400000, 0x0eea0000, 0x0eea0000)
  eden space 139776K,  99% used [0x04400000, 0x0cc53898, 0x0cc80000)
  from space 17472K,   0% used [0x0cc80000, 0x0cc80000, 0x0dd90000)
  to   space 17472K,   0% used [0x0dd90000, 0x0dd90000, 0x0eea0000)
 tenured generation   total 349568K, used 226519K [0x0eea0000, 0x24400000, 0x24400000)
   the space 349568K,  64% used [0x0eea0000, 0x1cbd5cd8, 0x1cbd5e00, 0x24400000)
 Metaspace       used 26328K, capacity 26939K, committed 27136K, reserved 28032K
}
Event: 7667.798 GC heap before
{Heap before GC invocations=134 (full 49):
 def new generation   total 157248K, used 139776K [0x04400000, 0x0eea0000, 0x0eea0000)
  eden space 139776K, 100% used [0x04400000, 0x0cc80000, 0x0cc80000)
  from space 17472K,   0% used [0x0cc80000, 0x0cc80000, 0x0dd90000)
  to   space 17472K,   0% used [0x0dd90000, 0x0dd90000, 0x0eea0000)
 tenured generation   total 349568K, used 226519K [0x0eea0000, 0x24400000, 0x24400000)
   the space 349568K,  64% used [0x0eea0000, 0x1cbd5cd8, 0x1cbd5e00, 0x24400000)
 Metaspace       used 26328K, capacity 26939K, committed 27136K, reserved 28032K
Event: 7667.912 GC heap after
Heap after GC invocations=135 (full 50):
 def new generation   total 157248K, used 139598K [0x04400000, 0x0eea0000, 0x0eea0000)
  eden space 139776K,  99% used [0x04400000, 0x0cc53988, 0x0cc80000)
  from space 17472K,   0% used [0x0dd90000, 0x0dd90000, 0x0eea0000)
  to   space 17472K,   0% used [0x0cc80000, 0x0cc80000, 0x0dd90000)
 tenured generation   total 349568K, used 226519K [0x0eea0000, 0x24400000, 0x24400000)
   the space 349568K,  64% used [0x0eea0000, 0x1cbd5cd8, 0x1cbd5e00, 0x24400000)
 Metaspace       used 26328K, capacity 26939K, committed 27136K, reserved 28032K
}
Event: 7667.914 GC heap before
{Heap before GC invocations=135 (full 50):
 def new generation   total 157248K, used 139776K [0x04400000, 0x0eea0000, 0x0eea0000)
  eden space 139776K, 100% used [0x04400000, 0x0cc80000, 0x0cc80000)
  from space 17472K,   0% used [0x0dd90000, 0x0dd90000, 0x0eea0000)
  to   space 17472K,   0% used [0x0cc80000, 0x0cc80000, 0x0dd90000)
 tenured generation   total 349568K, used 226519K [0x0eea0000, 0x24400000, 0x24400000)
   the space 349568K,  64% used [0x0eea0000, 0x1cbd5cd8, 0x1cbd5e00, 0x24400000)
 Metaspace       used 26328K, capacity 26939K, committed 27136K, reserved 28032K
Event: 7668.050 GC heap after
Heap after GC invocations=136 (full 51):
 def new generation   total 157248K, used 139598K [0x04400000, 0x0eea0000, 0x0eea0000)
  eden space 139776K,  99% used [0x04400000, 0x0cc53ac0, 0x0cc80000)
  from space 17472K,   0% used [0x0cc80000, 0x0cc80000, 0x0dd90000)
  to   space 17472K,   0% used [0x0dd90000, 0x0dd90000, 0x0eea0000)
 tenured generation   total 349568K, used 226519K [0x0eea0000, 0x24400000, 0x24400000)
   the space 349568K,  64% used [0x0eea0000, 0x1cbd5cd8, 0x1cbd5e00, 0x24400000)
 Metaspace       used 26328K, capacity 26939K, committed 27136K, reserved 28032K
}

